{
  "RSpec": {
    "coverage": {
      "/home/mayur/Desktop/Training/Kisaan/spec/support/factory_bot.rb": [
        1,
        1,
        1,
        null
      ],
      "/home/mayur/Desktop/Training/Kisaan/config/environment.rb": [
        null,
        1,
        null,
        null,
        1
      ],
      "/home/mayur/Desktop/Training/Kisaan/config/application.rb": [
        1,
        null,
        1,
        null,
        null,
        null,
        1,
        null,
        1,
        1,
        null,
        1,
        null,
        null,
        null,
        null,
        null,
        null,
        null
      ],
      "/home/mayur/Desktop/Training/Kisaan/config/boot.rb": [
        1,
        null,
        1,
        1
      ],
      "/home/mayur/Desktop/Training/Kisaan/config/environments/test.rb": [
        1,
        null,
        null,
        null,
        null,
        null,
        null,
        1,
        null,
        null,
        null,
        null,
        1,
        null,
        null,
        1,
        1,
        null,
        null,
        null,
        null,
        1,
        1,
        null,
        null,
        1,
        null,
        null,
        1,
        null,
        null,
        1,
        null,
        1,
        null,
        null,
        null,
        null,
        1,
        null,
        null,
        1,
        null,
        null,
        null,
        null
      ],
      "/home/mayur/Desktop/Training/Kisaan/config/initializers/application_controller_renderer.rb": [
        null,
        null,
        null,
        null,
        null,
        null,
        null,
        null
      ],
      "/home/mayur/Desktop/Training/Kisaan/config/initializers/assets.rb": [
        null,
        null,
        null,
        1,
        null,
        null,
        null,
        null,
        1,
        null,
        null,
        null,
        null,
        null
      ],
      "/home/mayur/Desktop/Training/Kisaan/config/initializers/backtrace_silencers.rb": [
        null,
        null,
        null,
        null,
        null,
        null,
        null
      ],
      "/home/mayur/Desktop/Training/Kisaan/config/initializers/content_security_policy.rb": [
        null,
        null,
        null,
        null,
        null,
        null,
        null,
        null,
        null,
        null,
        null,
        null,
        null,
        null,
        null,
        null,
        null,
        null,
        null,
        null,
        null,
        null,
        null,
        null,
        null
      ],
      "/home/mayur/Desktop/Training/Kisaan/config/initializers/cookies_serializer.rb": [
        null,
        null,
        null,
        null,
        1
      ],
      "/home/mayur/Desktop/Training/Kisaan/config/initializers/filter_parameter_logging.rb": [
        null,
        null,
        null,
        1
      ],
      "/home/mayur/Desktop/Training/Kisaan/config/initializers/inflections.rb": [
        null,
        null,
        null,
        null,
        null,
        null,
        null,
        null,
        null,
        null,
        null,
        null,
        null,
        null,
        null,
        null
      ],
      "/home/mayur/Desktop/Training/Kisaan/config/initializers/mime_types.rb": [
        null,
        null,
        null,
        null
      ],
      "/home/mayur/Desktop/Training/Kisaan/config/initializers/wrap_parameters.rb": [
        null,
        null,
        null,
        null,
        null,
        null,
        1,
        2,
        null,
        null,
        null,
        null,
        null,
        null
      ],
      "/home/mayur/Desktop/Training/Kisaan/spec/factories.rb": [
        1,
        1,
        null,
        null,
        null,
        1,
        1,
        2,
        2,
        2,
        2,
        null,
        null,
        1,
        1,
        1,
        1,
        1,
        1,
        1,
        1,
        null,
        null,
        1,
        2,
        2,
        2,
        null,
        null,
        null,
        null
      ],
      "/home/mayur/Desktop/Training/Kisaan/config/routes.rb": [
        1,
        null,
        1,
        null,
        1,
        null,
        1,
        null,
        null,
        null
      ],
      "/home/mayur/Desktop/Training/Kisaan/app/helpers/application_helper.rb": [
        1,
        null
      ],
      "/home/mayur/Desktop/Training/Kisaan/app/helpers/farmer_instruments_helper.rb": [
        1,
        null
      ],
      "/home/mayur/Desktop/Training/Kisaan/app/helpers/farmers_helper.rb": [
        1,
        null
      ],
      "/home/mayur/Desktop/Training/Kisaan/app/helpers/rent_details_helper.rb": [
        1,
        null
      ],
      "/home/mayur/Desktop/Training/Kisaan/app/controllers/farmer_instruments_controller.rb": [
        1,
        1,
        1,
        null,
        null,
        1,
        1,
        1,
        null,
        1,
        1,
        1,
        null,
        null,
        null,
        1,
        2,
        2,
        null,
        null,
        null,
        1,
        0,
        null,
        null,
        null,
        1,
        0,
        0,
        null,
        0,
        null,
        null,
        null,
        1,
        null,
        null,
        1,
        null,
        null,
        0,
        null,
        null,
        null,
        null,
        1,
        0,
        0,
        0,
        null,
        null,
        1,
        null,
        1,
        1,
        null,
        null,
        null,
        1,
        null,
        0,
        null,
        null,
        null
      ],
      "/home/mayur/Desktop/Training/Kisaan/app/controllers/application_controller.rb": [
        1,
        null
      ],
      "/home/mayur/Desktop/Training/Kisaan/app/models/farmer.rb": [
        1,
        1,
        1,
        1,
        1,
        1,
        1,
        1,
        1,
        null,
        null,
        null,
        1,
        0,
        null,
        null
      ],
      "/home/mayur/Desktop/Training/Kisaan/app/models/application_record.rb": [
        1,
        1,
        null
      ],
      "/home/mayur/Desktop/Training/Kisaan/app/models/instrument.rb": [
        1,
        1,
        1,
        1,
        null
      ],
      "/home/mayur/Desktop/Training/Kisaan/app/models/farmer_instrument.rb": [
        1,
        1,
        1,
        1,
        1,
        null,
        null
      ],
      "/home/mayur/Desktop/Training/Kisaan/app/models/address.rb": [
        1,
        1,
        null,
        null,
        null,
        1,
        0,
        null,
        null
      ],
      "/home/mayur/Desktop/Training/Kisaan/app/models/rent.rb": [
        1,
        1,
        1,
        1,
        null
      ]
    },
    "timestamp": 1579669255
  }
}
